<?xml version="1.0" encoding="UTF-8"?>
<Site BuildName="Linux-g++"
	BuildStamp="20231104-0408-Experimental"
	Name="qianzezhong-Dell-G16-7630"
	Generator="ctest-3.22.1"
	CompilerName="/usr/bin/g++"
	CompilerVersion="11.4.0"
	OSName="Linux"
	Hostname="qianzezhong-Dell-G16-7630"
	OSRelease="6.2.0-36-generic"
	OSVersion="#37~22.04.1-Ubuntu SMP PREEMPT_DYNAMIC Mon Oct  9 15:34:04 UTC 2"
	OSPlatform="x86_64"
	Is64Bits="1"
	VendorString="GenuineIntel"
	VendorID="Intel Corporation"
	FamilyID="6"
	ModelID="183"
	ProcessorCacheSize="36864"
	NumberOfLogicalCPU="32"
	NumberOfPhysicalCPU="24"
	TotalVirtualMemory="0"
	TotalPhysicalMemory="63976"
	LogicalProcessorsPerPhysical="1"
	ProcessorClockFrequency="1848.39"
	>
	<Testing>
		<StartDateTime>Nov 04 22:28 CST</StartDateTime>
		<StartTestTime>1699108105</StartTestTime>
		<TestList/>
		<EndDateTime>Nov 04 22:28 CST</EndDateTime>
		<EndTestTime>1699108105</EndTestTime>
		<ElapsedMinutes>0</ElapsedMinutes>
	</Testing>
</Site>
